<?xml version="1.0" encoding="UTF-8"?>
<!-- Generated by org.testng.reporters.JUnitReportReporter -->
<testsuite skipped="0" hostname="w3161809" name="Test.WikepediaTest" tests="7" failures="0" timestamp="29 ago 2018 00:46:57 GMT" time="13.835" errors="0">
  <testcase name="testPesquisaWike" time="1.406" classname="Test.WikepediaTest"/>
  <testcase name="testPesquisaWike" time="1.627" classname="Test.WikepediaTest"/>
  <testcase name="testPesquisaWike" time="2.364" classname="Test.WikepediaTest"/>
  <testcase name="testPesquisaWike" time="1.810" classname="Test.WikepediaTest"/>
  <testcase name="testPesquisaWike" time="2.549" classname="Test.WikepediaTest"/>
  <testcase name="testPesquisaWike" time="2.178" classname="Test.WikepediaTest"/>
  <testcase name="testPesquisaWike" time="1.901" classname="Test.WikepediaTest"/>
</testsuite> <!-- Test.WikepediaTest -->
